{"E:\\EXPLORE-GIT-COURSE\\namasteReactSwiggyApp\\src\\components\\Contact.js": {"path":"E:\\EXPLORE-GIT-COURSE\\namasteReactSwiggyApp\\src\\components\\Contact.js","statementMap":{"0":{"start":{"line":1,"column":16},"end":{"line":12,"column":1}},"1":{"start":{"line":2,"column":4},"end":{"line":11,"column":6}}},"fnMap":{"0":{"name":"(anonymous_0)","decl":{"start":{"line":1,"column":16},"end":{"line":1,"column":17}},"loc":{"start":{"line":1,"column":21},"end":{"line":12,"column":1}},"line":1}},"branchMap":{},"s":{"0":1,"1":4},"f":{"0":4},"b":{},"_coverageSchema":"1a1c01bbd47fc00a2c39e90264f33305004495a9","hash":"cc24c5326a5198d9cd527c75d8f63b04d6c0d6ef"}
,"E:\\EXPLORE-GIT-COURSE\\namasteReactSwiggyApp\\src\\components\\RestaurentCard.js": {"path":"E:\\EXPLORE-GIT-COURSE\\namasteReactSwiggyApp\\src\\components\\RestaurentCard.js","statementMap":{"0":{"start":{"line":3,"column":16},"end":{"line":5,"column":1}},"1":{"start":{"line":8,"column":23},"end":{"line":32,"column":1}},"2":{"start":{"line":9,"column":22},"end":{"line":9,"column":27}},"3":{"start":{"line":17,"column":8},"end":{"line":17,"column":31}},"4":{"start":{"line":19,"column":27},"end":{"line":19,"column":54}},"5":{"start":{"line":22,"column":4},"end":{"line":31,"column":5}},"6":{"start":{"line":36,"column":33},"end":{"line":45,"column":1}},"7":{"start":{"line":37,"column":4},"end":{"line":44,"column":6}},"8":{"start":{"line":38,"column":8},"end":{"line":43,"column":10}}},"fnMap":{"0":{"name":"(anonymous_0)","decl":{"start":{"line":8,"column":23},"end":{"line":8,"column":24}},"loc":{"start":{"line":8,"column":33},"end":{"line":32,"column":1}},"line":8},"1":{"name":"(anonymous_1)","decl":{"start":{"line":36,"column":33},"end":{"line":36,"column":34}},"loc":{"start":{"line":36,"column":52},"end":{"line":45,"column":1}},"line":36},"2":{"name":"(anonymous_2)","decl":{"start":{"line":37,"column":11},"end":{"line":37,"column":12}},"loc":{"start":{"line":37,"column":22},"end":{"line":44,"column":5}},"line":37}},"branchMap":{},"s":{"0":1,"1":1,"2":1,"3":1,"4":1,"5":1,"6":1,"7":0,"8":0},"f":{"0":1,"1":0,"2":0},"b":{},"_coverageSchema":"1a1c01bbd47fc00a2c39e90264f33305004495a9","hash":"6891e9c68940739b85f25fc3d9ea9bdc3959b3b2"}
,"E:\\EXPLORE-GIT-COURSE\\namasteReactSwiggyApp\\src\\components\\sum.js": {"path":"E:\\EXPLORE-GIT-COURSE\\namasteReactSwiggyApp\\src\\components\\sum.js","statementMap":{"0":{"start":{"line":1,"column":19},"end":{"line":3,"column":1}},"1":{"start":{"line":2,"column":4},"end":{"line":2,"column":17}}},"fnMap":{"0":{"name":"(anonymous_0)","decl":{"start":{"line":1,"column":19},"end":{"line":1,"column":20}},"loc":{"start":{"line":1,"column":28},"end":{"line":3,"column":1}},"line":1}},"branchMap":{},"s":{"0":1,"1":1},"f":{"0":1},"b":{},"_coverageSchema":"1a1c01bbd47fc00a2c39e90264f33305004495a9","hash":"761347977f0f6f5b1981a55c01832a63ceecdc0e"}
,"E:\\EXPLORE-GIT-COURSE\\namasteReactSwiggyApp\\src\\utils\\constants.js": {"path":"E:\\EXPLORE-GIT-COURSE\\namasteReactSwiggyApp\\src\\utils\\constants.js","statementMap":{"0":{"start":{"line":1,"column":23},"end":{"line":1,"column":106}},"1":{"start":{"line":3,"column":24},"end":{"line":3,"column":96}},"2":{"start":{"line":6,"column":24},"end":{"line":6,"column":146}}},"fnMap":{},"branchMap":{},"s":{"0":1,"1":1,"2":1},"f":{},"b":{},"_coverageSchema":"1a1c01bbd47fc00a2c39e90264f33305004495a9","hash":"1e801041911058f30c81ac06fbcc5a84a4ac66f9"}
}
