{"E:\\EXPLORE-GIT-COURSE\\namasteReactSwiggyApp\\src\\components\\Body.js": {"path":"E:\\EXPLORE-GIT-COURSE\\namasteReactSwiggyApp\\src\\components\\Body.js","statementMap":{"0":{"start":{"line":9,"column":13},"end":{"line":93,"column":1}},"1":{"start":{"line":11,"column":52},"end":{"line":11,"column":64}},"2":{"start":{"line":13,"column":56},"end":{"line":13,"column":68}},"3":{"start":{"line":15,"column":40},"end":{"line":15,"column":52}},"4":{"start":{"line":17,"column":35},"end":{"line":17,"column":68}},"5":{"start":{"line":19,"column":4},"end":{"line":22,"column":10}},"6":{"start":{"line":21,"column":8},"end":{"line":21,"column":20}},"7":{"start":{"line":24,"column":22},"end":{"line":35,"column":5}},"8":{"start":{"line":25,"column":21},"end":{"line":25,"column":219}},"9":{"start":{"line":27,"column":21},"end":{"line":27,"column":38}},"10":{"start":{"line":31,"column":8},"end":{"line":31,"column":57}},"11":{"start":{"line":32,"column":8},"end":{"line":32,"column":59}},"12":{"start":{"line":42,"column":25},"end":{"line":42,"column":42}},"13":{"start":{"line":44,"column":4},"end":{"line":44,"column":111}},"14":{"start":{"line":44,"column":31},"end":{"line":44,"column":111}},"15":{"start":{"line":46,"column":40},"end":{"line":46,"column":63}},"16":{"start":{"line":48,"column":4},"end":{"line":92,"column":5}},"17":{"start":{"line":54,"column":24},"end":{"line":54,"column":54}},"18":{"start":{"line":59,"column":24},"end":{"line":59,"column":48}},"19":{"start":{"line":60,"column":51},"end":{"line":61,"column":21}},"20":{"start":{"line":60,"column":82},"end":{"line":60,"column":154}},"21":{"start":{"line":63,"column":24},"end":{"line":64,"column":1}},"22":{"start":{"line":68,"column":24},"end":{"line":68,"column":104}},"23":{"start":{"line":68,"column":70},"end":{"line":68,"column":102}},"24":{"start":{"line":69,"column":24},"end":{"line":69,"column":58}},"25":{"start":{"line":76,"column":99},"end":{"line":76,"column":126}},"26":{"start":{"line":81,"column":56},"end":{"line":88,"column":23}}},"fnMap":{"0":{"name":"(anonymous_0)","decl":{"start":{"line":9,"column":13},"end":{"line":9,"column":14}},"loc":{"start":{"line":9,"column":19},"end":{"line":93,"column":1}},"line":9},"1":{"name":"(anonymous_1)","decl":{"start":{"line":19,"column":14},"end":{"line":19,"column":15}},"loc":{"start":{"line":19,"column":18},"end":{"line":22,"column":5}},"line":19},"2":{"name":"(anonymous_2)","decl":{"start":{"line":24,"column":22},"end":{"line":24,"column":23}},"loc":{"start":{"line":24,"column":34},"end":{"line":35,"column":5}},"line":24},"3":{"name":"(anonymous_3)","decl":{"start":{"line":53,"column":141},"end":{"line":53,"column":142}},"loc":{"start":{"line":53,"column":146},"end":{"line":55,"column":21}},"line":53},"4":{"name":"(anonymous_4)","decl":{"start":{"line":56,"column":87},"end":{"line":56,"column":88}},"loc":{"start":{"line":56,"column":92},"end":{"line":64,"column":22}},"line":56},"5":{"name":"(anonymous_5)","decl":{"start":{"line":60,"column":75},"end":{"line":60,"column":76}},"loc":{"start":{"line":60,"column":82},"end":{"line":60,"column":154}},"line":60},"6":{"name":"(anonymous_6)","decl":{"start":{"line":67,"column":82},"end":{"line":67,"column":83}},"loc":{"start":{"line":67,"column":88},"end":{"line":70,"column":21}},"line":67},"7":{"name":"(anonymous_7)","decl":{"start":{"line":68,"column":63},"end":{"line":68,"column":64}},"loc":{"start":{"line":68,"column":70},"end":{"line":68,"column":102}},"line":68},"8":{"name":"(anonymous_8)","decl":{"start":{"line":76,"column":94},"end":{"line":76,"column":95}},"loc":{"start":{"line":76,"column":99},"end":{"line":76,"column":126}},"line":76},"9":{"name":"(anonymous_9)","decl":{"start":{"line":81,"column":40},"end":{"line":81,"column":41}},"loc":{"start":{"line":81,"column":56},"end":{"line":88,"column":23}},"line":81}},"branchMap":{"0":{"loc":{"start":{"line":44,"column":4},"end":{"line":44,"column":111}},"type":"if","locations":[{"start":{"line":44,"column":4},"end":{"line":44,"column":111}},{"start":{},"end":{}}],"line":44},"1":{"loc":{"start":{"line":48,"column":11},"end":{"line":92,"column":5}},"type":"cond-expr","locations":[{"start":{"line":48,"column":44},"end":{"line":48,"column":55}},{"start":{"line":49,"column":8},"end":{"line":91,"column":14}}],"line":48},"2":{"loc":{"start":{"line":83,"column":17},"end":{"line":87,"column":17}},"type":"cond-expr","locations":[{"start":{"line":84,"column":20},"end":{"line":84,"column":66}},{"start":{"line":86,"column":20},"end":{"line":86,"column":58}}],"line":83}},"s":{"0":1,"1":4,"2":4,"3":4,"4":4,"5":4,"6":2,"7":4,"8":2,"9":2,"10":2,"11":2,"12":4,"13":4,"14":0,"15":4,"16":4,"17":0,"18":0,"19":0,"20":0,"21":0,"22":0,"23":0,"24":0,"25":0,"26":14},"f":{"0":4,"1":2,"2":2,"3":0,"4":0,"5":0,"6":0,"7":0,"8":0,"9":14},"b":{"0":[0,4],"1":[2,2],"2":[8,6]},"_coverageSchema":"1a1c01bbd47fc00a2c39e90264f33305004495a9","hash":"eb07b64ac8c676f2e66c08577d560825fe2260d1"}
,"E:\\EXPLORE-GIT-COURSE\\namasteReactSwiggyApp\\src\\components\\RestaurentCard.js": {"path":"E:\\EXPLORE-GIT-COURSE\\namasteReactSwiggyApp\\src\\components\\RestaurentCard.js","statementMap":{"0":{"start":{"line":3,"column":16},"end":{"line":5,"column":1}},"1":{"start":{"line":8,"column":23},"end":{"line":32,"column":1}},"2":{"start":{"line":9,"column":22},"end":{"line":9,"column":27}},"3":{"start":{"line":17,"column":8},"end":{"line":17,"column":31}},"4":{"start":{"line":19,"column":27},"end":{"line":19,"column":54}},"5":{"start":{"line":22,"column":4},"end":{"line":31,"column":5}},"6":{"start":{"line":36,"column":33},"end":{"line":45,"column":1}},"7":{"start":{"line":37,"column":4},"end":{"line":44,"column":6}},"8":{"start":{"line":38,"column":8},"end":{"line":43,"column":10}}},"fnMap":{"0":{"name":"(anonymous_0)","decl":{"start":{"line":8,"column":23},"end":{"line":8,"column":24}},"loc":{"start":{"line":8,"column":33},"end":{"line":32,"column":1}},"line":8},"1":{"name":"(anonymous_1)","decl":{"start":{"line":36,"column":33},"end":{"line":36,"column":34}},"loc":{"start":{"line":36,"column":52},"end":{"line":45,"column":1}},"line":36},"2":{"name":"(anonymous_2)","decl":{"start":{"line":37,"column":11},"end":{"line":37,"column":12}},"loc":{"start":{"line":37,"column":22},"end":{"line":44,"column":5}},"line":37}},"branchMap":{},"s":{"0":2,"1":2,"2":15,"3":15,"4":15,"5":15,"6":2,"7":4,"8":8},"f":{"0":15,"1":4,"2":8},"b":{},"_coverageSchema":"1a1c01bbd47fc00a2c39e90264f33305004495a9","hash":"6891e9c68940739b85f25fc3d9ea9bdc3959b3b2"}
}
