TN:
SF:src\components\Body.js
FN:9,(anonymous_0)
FN:19,(anonymous_1)
FN:24,(anonymous_2)
FN:53,(anonymous_3)
FN:56,(anonymous_4)
FN:60,(anonymous_5)
FN:67,(anonymous_6)
FN:68,(anonymous_7)
FN:76,(anonymous_8)
FN:81,(anonymous_9)
FNF:10
FNH:4
FNDA:4,(anonymous_0)
FNDA:2,(anonymous_1)
FNDA:2,(anonymous_2)
FNDA:0,(anonymous_3)
FNDA:0,(anonymous_4)
FNDA:0,(anonymous_5)
FNDA:0,(anonymous_6)
FNDA:0,(anonymous_7)
FNDA:0,(anonymous_8)
FNDA:14,(anonymous_9)
DA:9,1
DA:11,4
DA:13,4
DA:15,4
DA:17,4
DA:19,4
DA:21,2
DA:24,4
DA:25,2
DA:27,2
DA:31,2
DA:32,2
DA:42,4
DA:44,4
DA:46,4
DA:48,4
DA:54,0
DA:59,0
DA:60,0
DA:63,0
DA:68,0
DA:69,0
DA:76,0
DA:81,14
LF:24
LH:17
BRDA:44,0,0,0
BRDA:44,0,1,4
BRDA:48,1,0,2
BRDA:48,1,1,2
BRDA:83,2,0,8
BRDA:83,2,1,6
BRF:6
BRH:5
end_of_record
TN:
SF:src\components\RestaurentCard.js
FN:8,(anonymous_0)
FN:36,(anonymous_1)
FN:37,(anonymous_2)
FNF:3
FNH:3
FNDA:15,(anonymous_0)
FNDA:4,(anonymous_1)
FNDA:8,(anonymous_2)
DA:3,2
DA:8,2
DA:9,15
DA:17,15
DA:19,15
DA:22,15
DA:36,2
DA:37,4
DA:38,8
LF:9
LH:9
BRF:0
BRH:0
end_of_record
